#
# There is insufficient memory for the Java Runtime Environment to continue.
# Native memory allocation (mmap) failed to map 266338304 bytes for G1 virtual space
# Possible reasons:
#   The system is out of physical RAM or swap space
#   The process is running with CompressedOops enabled, and the Java Heap may be blocking the growth of the native heap
# Possible solutions:
#   Reduce memory load on the system
#   Increase physical memory or swap space
#   Check if swap backing store is full
#   Decrease Java heap size (-Xmx/-Xms)
#   Decrease number of Java threads
#   Decrease Java thread stack sizes (-Xss)
#   Set larger code cache with -XX:ReservedCodeCacheSize=
#   JVM is running with Zero Based Compressed Oops mode in which the Java heap is
#     placed in the first 32GB address space. The Java Heap base address is the
#     maximum limit for the native heap growth. Please use -XX:HeapBaseMinAddress
#     to set the Java Heap base and to place the Java Heap above 32GB virtual address.
# This output file may be truncated or incomplete.
#
#  Out of Memory Error (os_windows.cpp:3771), pid=29684, tid=29896
#
# JRE version:  (17.0.7) (build )
# Java VM: OpenJDK 64-Bit Server VM (17.0.7+0-b2043.56-10550314, mixed mode, sharing, tiered, compressed oops, compressed class ptrs, g1 gc, windows-amd64)
# No core dump will be written. Minidumps are not enabled by default on client versions of Windows
#

---------------  S U M M A R Y ------------

Command Line: git4idea.http.GitAskPassApp Username for 'https://github.com': 

Host: 11th Gen Intel(R) Core(TM) i5-11400H @ 2.70GHz, 12 cores, 15G,  Windows 10 , 64 bit Build 19041 (10.0.19041.3636)
Time: Fri Feb  9 14:21:22 2024 Eastern Standard Time elapsed time: 0.020283 seconds (0d 0h 0m 0s)

---------------  T H R E A D  ---------------

Current thread (0x000001a26ef15fc0):  JavaThread "Unknown thread" [_thread_in_vm, id=29896, stack(0x00000090b7a00000,0x00000090b7b00000)]

Stack: [0x00000090b7a00000,0x00000090b7b00000]
Native frames: (J=compiled Java code, j=interpreted, Vv=VM code, C=native code)
V  [jvm.dll+0x683bfa]
V  [jvm.dll+0x8430a4]
V  [jvm.dll+0x8449be]
V  [jvm.dll+0x845023]
V  [jvm.dll+0x24ad2f]
V  [jvm.dll+0x680ac9]
V  [jvm.dll+0x67519a]
V  [jvm.dll+0x30b3cb]
V  [jvm.dll+0x312876]
V  [jvm.dll+0x36221e]
V  [jvm.dll+0x36244f]
V  [jvm.dll+0x2e14a8]
V  [jvm.dll+0x2e2414]
V  [jvm.dll+0x814391]
V  [jvm.dll+0x36ffe1]
V  [jvm.dll+0x7f396c]
V  [jvm.dll+0x3f305f]
V  [jvm.dll+0x3f4b91]
C  [jli.dll+0x528f]
C  [ucrtbase.dll+0x21bb2]
C  [KERNEL32.DLL+0x17344]
C  [ntdll.dll+0x526b1]


---------------  P R O C E S S  ---------------

Threads class SMR info:
_java_thread_list=0x00007ff967dcd098, length=0, elements={
}

Java Threads: ( => current thread )

Other Threads:
  0x000001a26ef7fc60 GCTaskThread "GC Thread#0" [stack: 0x00000090b7b00000,0x00000090b7c00000] [id=13168]
  0x000001a26ef90830 ConcurrentGCThread "G1 Main Marker" [stack: 0x00000090b7c00000,0x00000090b7d00000] [id=28312]
  0x000001a26ef919e0 ConcurrentGCThread "G1 Conc#0" [stack: 0x00000090b7d00000,0x00000090b7e00000] [id=28984]

[error occurred during error reporting (printing all threads), id 0xc0000005, EXCEPTION_ACCESS_VIOLATION (0xc0000005) at pc=0x00007ff967582087]

VM state: not at safepoint (not fully initialized)

VM Mutex/Monitor currently owned by a thread:  ([mutex/lock_event])
[0x000001a26ef0fb20] Heap_lock - owner thread: 0x000001a26ef15fc0

Heap address: 0x0000000703600000, size: 4042 MB, Compressed Oops mode: Zero based, Oop shift amount: 3

CDS archive(s) mapped at: [0x0000000000000000-0x0000000000000000-0x0000000000000000), size 0, SharedBaseAddress: 0x0000000800000000, ArchiveRelocationMode: 0.
Narrow klass base: 0x0000000000000000, Narrow klass shift: 0, Narrow klass range: 0x0

GC Precious Log:
<Empty>

Heap:
 garbage-first heap   total 0K, used 0K [0x0000000703600000, 0x0000000800000000)
  region size 2048K, 0 young (0K), 0 survivors (0K)
 Metaspace       used 0K, committed 0K, reserved 0K
  class space    used 0K, committed 0K, reserved 0K

Heap Regions: E=young(eden), S=young(survivor), O=old, HS=humongous(starts), HC=humongous(continues), CS=collection set, F=free, OA=open archive, CA=closed archive, TAMS=top-at-mark-start (previous, next)

Card table byte_map: [0x000001a273130000,0x000001a273920000] _byte_map_base: 0x000001a26f915000

Marking Bits (Prev, Next): (CMBitMap*) 0x000001a26ef80270, (CMBitMap*) 0x000001a26ef802b0
 Prev Bits: [0x000001a274110000, 0x000001a278038000)
 Next Bits: [0x000001a278040000, 0x000001a27bf68000)

GC Heap History (0 events):
No events

Dll operation events (1 events):
Event: 0.005 Loaded shared library C:\Program Files\Android\Android Studio\jbr\bin\java.dll

Deoptimization events (0 events):
No events

Classes unloaded (0 events):
No events

Classes redefined (0 events):
No events

Internal exceptions (0 events):
No events

VM Operations (0 events):
No events

Events (0 events):
No events


Dynamic libraries:
0x00007ff651b20000 - 0x00007ff651b2a000 	C:\Program Files\Android\Android Studio\jbr\bin\java.exe
0x00007ffa071d0000 - 0x00007ffa073c8000 	C:\WINDOWS\SYSTEM32\ntdll.dll
0x00007ffa070d0000 - 0x00007ffa0718d000 	C:\WINDOWS\System32\KERNEL32.DLL
0x00007ffa04b70000 - 0x00007ffa04e66000 	C:\WINDOWS\System32\KERNELBASE.dll
0x00007ffa05000000 - 0x00007ffa05100000 	C:\WINDOWS\System32\ucrtbase.dll
0x00007ff9bd1b0000 - 0x00007ff9bd1c7000 	C:\Program Files\Android\Android Studio\jbr\bin\jli.dll
0x00007ff9e3310000 - 0x00007ff9e332b000 	C:\Program Files\Android\Android Studio\jbr\bin\VCRUNTIME140.dll
0x00007ffa06e40000 - 0x00007ffa06fde000 	C:\WINDOWS\System32\USER32.dll
0x00007ff9f5ce0000 - 0x00007ff9f5f7a000 	C:\WINDOWS\WinSxS\amd64_microsoft.windows.common-controls_6595b64144ccf1df_6.0.19041.3636_none_60b6a03d71f818d5\COMCTL32.dll
0x00007ffa04fd0000 - 0x00007ffa04ff2000 	C:\WINDOWS\System32\win32u.dll
0x00007ffa06fe0000 - 0x00007ffa0707e000 	C:\WINDOWS\System32\msvcrt.dll
0x00007ffa05690000 - 0x00007ffa056bc000 	C:\WINDOWS\System32\GDI32.dll
0x00007ffa05100000 - 0x00007ffa0521a000 	C:\WINDOWS\System32\gdi32full.dll
0x00007ffa04a60000 - 0x00007ffa04afd000 	C:\WINDOWS\System32\msvcp_win.dll
0x00007ffa070a0000 - 0x00007ffa070d0000 	C:\WINDOWS\System32\IMM32.DLL
0x00007ffa014b0000 - 0x00007ffa014bc000 	C:\Program Files\Android\Android Studio\jbr\bin\vcruntime140_1.dll
0x00007ff9cdeb0000 - 0x00007ff9cdf3d000 	C:\Program Files\Android\Android Studio\jbr\bin\msvcp140.dll
0x00007ff967290000 - 0x00007ff967f10000 	C:\Program Files\Android\Android Studio\jbr\bin\server\jvm.dll
0x00007ffa063d0000 - 0x00007ffa06483000 	C:\WINDOWS\System32\ADVAPI32.dll
0x00007ffa056d0000 - 0x00007ffa0576f000 	C:\WINDOWS\System32\sechost.dll
0x00007ffa06490000 - 0x00007ffa065b6000 	C:\WINDOWS\System32\RPCRT4.dll
0x00007ffa048a0000 - 0x00007ffa048c7000 	C:\WINDOWS\System32\bcrypt.dll
0x00007ff9f7470000 - 0x00007ff9f7497000 	C:\WINDOWS\SYSTEM32\WINMM.dll
0x00007ff9dfbc0000 - 0x00007ff9dfbc9000 	C:\WINDOWS\SYSTEM32\WSOCK32.dll
0x00007ff9fea10000 - 0x00007ff9fea1a000 	C:\WINDOWS\SYSTEM32\VERSION.dll
0x00007ffa06770000 - 0x00007ffa067db000 	C:\WINDOWS\System32\WS2_32.dll
0x00007ffa026f0000 - 0x00007ffa02702000 	C:\WINDOWS\SYSTEM32\kernel.appcore.dll
0x00007ff9dfbb0000 - 0x00007ff9dfbba000 	C:\Program Files\Android\Android Studio\jbr\bin\jimage.dll
0x00007ff9f6b30000 - 0x00007ff9f6d14000 	C:\WINDOWS\SYSTEM32\DBGHELP.DLL
0x00007ff9ed1a0000 - 0x00007ff9ed1d4000 	C:\WINDOWS\SYSTEM32\dbgcore.DLL
0x00007ffa048d0000 - 0x00007ffa04952000 	C:\WINDOWS\System32\bcryptPrimitives.dll
0x00007ff9be290000 - 0x00007ff9be2b5000 	C:\Program Files\Android\Android Studio\jbr\bin\java.dll

dbghelp: loaded successfully - version: 4.0.5 - missing functions: none
symbol engine: initialized successfully - sym options: 0x614 - pdb path: .;C:\Program Files\Android\Android Studio\jbr\bin;C:\WINDOWS\SYSTEM32;C:\WINDOWS\WinSxS\amd64_microsoft.windows.common-controls_6595b64144ccf1df_6.0.19041.3636_none_60b6a03d71f818d5;C:\Program Files\Android\Android Studio\jbr\bin\server

VM Arguments:
java_command: git4idea.http.GitAskPassApp Username for 'https://github.com': 
java_class_path (initial): C:/Program Files/Android/Android Studio/plugins/vcs-git/lib/git4idea-rt.jar;C:/Program Files/Android/Android Studio/lib/externalProcess-rt.jar
Launcher Type: SUN_STANDARD

[Global flags]
     intx CICompilerCount                          = 4                                         {product} {ergonomic}
     uint ConcGCThreads                            = 3                                         {product} {ergonomic}
     uint G1ConcRefinementThreads                  = 10                                        {product} {ergonomic}
   size_t G1HeapRegionSize                         = 2097152                                   {product} {ergonomic}
    uintx GCDrainStackTargetSize                   = 64                                        {product} {ergonomic}
   size_t InitialHeapSize                          = 266338304                                 {product} {ergonomic}
   size_t MarkStackSize                            = 4194304                                   {product} {ergonomic}
   size_t MaxHeapSize                              = 4238344192                                {product} {ergonomic}
   size_t MinHeapDeltaBytes                        = 2097152                                   {product} {ergonomic}
   size_t MinHeapSize                              = 8388608                                   {product} {ergonomic}
    uintx NonNMethodCodeHeapSize                   = 5839372                                {pd product} {ergonomic}
    uintx NonProfiledCodeHeapSize                  = 122909434                              {pd product} {ergonomic}
    uintx ProfiledCodeHeapSize                     = 122909434                              {pd product} {ergonomic}
    uintx ReservedCodeCacheSize                    = 251658240                              {pd product} {ergonomic}
     bool SegmentedCodeCache                       = true                                      {product} {ergonomic}
   size_t SoftMaxHeapSize                          = 4238344192                             {manageable} {ergonomic}
     bool UseCompressedClassPointers               = true                           {product lp64_product} {ergonomic}
     bool UseCompressedOops                        = true                           {product lp64_product} {ergonomic}
     bool UseG1GC                                  = true                                      {product} {ergonomic}
     bool UseLargePagesIndividualAllocation        = false                                  {pd product} {ergonomic}

Logging:
Log output configuration:
 #0: stdout all=warning uptime,level,tags
 #1: stderr all=off uptime,level,tags

Environment Variables:
PATH=D:\Git\mingw64\libexec\git-core;D:\Git\mingw64\libexec\git-core;D:\Git\mingw64\bin;D:\Git\usr\bin;C:\Users\Regis Corvo Bianco\bin;D:\VMWare Workstation\bin;C:\Python312\Scripts;C:\Python312;C:\Program Files\Common Files\Oracle\Java\javapath;D:\Python;C:\Windows\System32;C:\Program Files\dotnet;C:\WINDOWS\System32\WindowsPowerShell\v1.0\powershell.exe;C:\Program Files\Microsoft Visual Studio\MSBuild\Current\Bin;C:\Program Files\dotnet;C:\Program Files (x86)\Microsoft SQL Server\160\DTS\Binn;C:\Program Files\Azure Data Studio\bin;C:\Program Files (x86)\Microsoft SQL Server\160\Tools\Binn;C:\Program Files\Microsoft SQL Server\160\Tools\Binn;C:\Program Files\Microsoft SQL Server\Client SDK\ODBC\170\Tools\Binn;C:\Program Files\Microsoft SQL Server\160\DTS\Binn;D:\Git\cmd;C:\ProgramData\chocolatey\bin;C:\Program Files\nodejs;C:\Program Files\PowerShell\7;C:\Program Files\MySQL\MySQL Shell 8.0\bin;C:\Users\Regis Corvo Bianco\AppData\Local\Microsoft\WindowsApps;C:\Users\Regis Corvo Bianco\AppData\Local\atom\bin;D:\Python\Scripts;D:\Python;C:\Windows\System32;C:\Program Files\dotnet;C:\Users\Regis Corvo Bianco\.dotnet\tools;C:\Program Files\PowerShell\7;C:\WINDOWS\System32\WindowsPowerShell\v1.0\powershell.exe;C:\Users\Regis Corvo Bianco\AppData\Local\Programs\Microsoft VS Code\bin;C:\Program Files\Microsoft Visual Studio\MSBuild\Current\Bin;C:\Program Files\Azure Data Studio\bin;D:\heroku\bin;C:\Users\Regis Corvo Bianco\AppData\Roaming\npm
USERNAME=Regis Corvo Bianco
DISPLAY=:0.0
LC_ALL=en_US.UTF-8
TERM=xterm-256color
TMPDIR=C:\Users\REGISC~1\AppData\Local\Temp
OS=Windows_NT
PROCESSOR_IDENTIFIER=Intel64 Family 6 Model 141 Stepping 1, GenuineIntel
TMP=C:\Users\REGISC~1\AppData\Local\Temp
TEMP=C:\Users\REGISC~1\AppData\Local\Temp


JNI global refs:
JNI global refs: 0, weak refs: 0

JNI global refs memory usage: 0, weak refs: 0

OOME stack traces (most recent first):
Classloader memory used:


---------------  S Y S T E M  ---------------

OS:
 Windows 10 , 64 bit Build 19041 (10.0.19041.3636)
OS uptime: 10 days 23:45 hours
Hyper-V role detected

CPU: total 12 (initial active 12) (6 cores per cpu, 2 threads per core) family 6 model 141 stepping 1 microcode 0x34, cx8, cmov, fxsr, ht, mmx, 3dnowpref, sse, sse2, sse3, ssse3, sse4.1, sse4.2, popcnt, lzcnt, tsc, tscinvbit, avx, avx2, aes, erms, clmul, bmi1, bmi2, adx, avx512f, avx512dq, avx512cd, avx512bw, avx512vl, sha, fma, vzeroupper, avx512_vpopcntdq, avx512_vpclmulqdq, avx512_vaes, avx512_vnni, clflush, clflushopt, clwb, avx512_vbmi2, avx512_vbmi, hv

Memory: 4k page, system-wide physical 16163M (1120M free)
TotalPageFile size 45499M (AvailPageFile size 201M)
current process WorkingSet (physical memory assigned to process): 10M, peak: 10M
current process commit charge ("private bytes"): 64M, peak: 318M

vm_info: OpenJDK 64-Bit Server VM (17.0.7+0-b2043.56-10550314) for windows-amd64 JRE (17.0.7+0-b2043.56-10550314), built on Jul 24 2023 18:27:45 by "androidbuild" with MS VC++ 16.10 / 16.11 (VS2019)

END.
